0 info it worked if it ends with ok
1 verbose cli [ 'C:\\Program Files\\nodejs\\node.exe',
1 verbose cli   'C:\\Users\\bthomas044\\AppData\\Roaming\\npm\\node_modules\\npm\\bin\\npm-cli.js',
1 verbose cli   'publish' ]
2 info using npm@4.0.5
3 info using node@v7.7.4
4 verbose publish [ '.' ]
5 silly cache add args [ '.', null ]
6 verbose cache add spec .
7 silly cache add parsed spec Result {
7 silly cache add   raw: '.',
7 silly cache add   scope: null,
7 silly cache add   escapedName: null,
7 silly cache add   name: null,
7 silly cache add   rawSpec: '.',
7 silly cache add   spec: 'C:\\Users\\bthomas044\\workspace\\r&d\\yeoman_generators\\generator-sldsbp_bjt',
7 silly cache add   type: 'directory' }
8 verbose addLocalDirectory C:\Users\bthomas044\AppData\Roaming\npm-cache\generator-sldsbp_bjt\0.2.0\package.tgz not in flight; packing
9 verbose correctMkdir C:\Users\bthomas044\AppData\Roaming\npm-cache correctMkdir not in flight; initializing
10 info lifecycle generator-sldsbp_bjt@0.2.0~prepublish: generator-sldsbp_bjt@0.2.0
11 silly lifecycle generator-sldsbp_bjt@0.2.0~prepublish: no script for prepublish, continuing
12 info lifecycle generator-sldsbp_bjt@0.2.0~prepare: generator-sldsbp_bjt@0.2.0
13 silly lifecycle generator-sldsbp_bjt@0.2.0~prepare: no script for prepare, continuing
14 verbose tar pack [ 'C:\\Users\\bthomas044\\AppData\\Roaming\\npm-cache\\generator-sldsbp_bjt\\0.2.0\\package.tgz',
14 verbose tar pack   'C:\\Users\\bthomas044\\workspace\\r&d\\yeoman_generators\\generator-sldsbp_bjt' ]
15 verbose tarball C:\Users\bthomas044\AppData\Roaming\npm-cache\generator-sldsbp_bjt\0.2.0\package.tgz
16 verbose folder C:\Users\bthomas044\workspace\r&d\yeoman_generators\generator-sldsbp_bjt
17 verbose addLocalTarball adding from inside cache C:\Users\bthomas044\AppData\Roaming\npm-cache\generator-sldsbp_bjt\0.2.0\package.tgz
18 verbose correctMkdir C:\Users\bthomas044\AppData\Roaming\npm-cache correctMkdir not in flight; initializing
19 silly cache afterAdd generator-sldsbp_bjt@0.2.0
20 verbose afterAdd C:\Users\bthomas044\AppData\Roaming\npm-cache\generator-sldsbp_bjt\0.2.0\package\package.json not in flight; writing
21 verbose correctMkdir C:\Users\bthomas044\AppData\Roaming\npm-cache correctMkdir not in flight; initializing
22 verbose afterAdd C:\Users\bthomas044\AppData\Roaming\npm-cache\generator-sldsbp_bjt\0.2.0\package\package.json written
23 silly publish { name: 'generator-sldsbp_bjt',
23 silly publish   version: '0.2.0',
23 silly publish   description: 'SLDS boiler plate created by Balu John Thomas (BJT)',
23 silly publish   main: 'index.js',
23 silly publish   repository:
23 silly publish    { type: 'git',
23 silly publish      url: 'git+https://github.com/black-signature/generator-sldsbp_bjt.git' },
23 silly publish   scripts: { test: 'echo "Error: no test specified" && exit 1' },
23 silly publish   keywords:
23 silly publish    [ 'yeoman-generator',
23 silly publish      'html',
23 silly publish      'slds boilerplate',
23 silly publish      'template',
23 silly publish      'slds',
23 silly publish      'sldsbp',
23 silly publish      'salesforce lightning design system boilerplate' ],
23 silly publish   author:
23 silly publish    { name: 'Balu John Thomas',
23 silly publish      email: 'balujohnthomas@gmail.com',
23 silly publish      url: 'BJT' },
23 silly publish   license: 'ISC',
23 silly publish   readme: '# SLDS Boilerplate - yeoman generator\r\n\r\n> Scaffolds out [SLDS Boilerplate] using yeoman\r\n\r\n\r\n## Install\r\n\r\n```\r\n$ npm install --global generator-sldsbp_bjt\r\n```\r\n\r\n\r\n## Usage\r\n\r\nRun it with [`yo`](https://github.com/yeoman/yo):\r\n\r\n```\r\n$ yo sldsbp_bjt\r\n```\r\n\r\n## Author\r\n\r\nBalu John Thomas (BJT) [balujohnthomas@gmail.com]\r\n',
23 silly publish   readmeFilename: 'readme.md',
23 silly publish   gitHead: '49fe8a26a266aae6f1a5294f81e3ea8e9ad9328c',
23 silly publish   bugs: { url: 'https://github.com/black-signature/generator-sldsbp_bjt/issues' },
23 silly publish   homepage: 'https://github.com/black-signature/generator-sldsbp_bjt#readme',
23 silly publish   _id: 'generator-sldsbp_bjt@0.2.0',
23 silly publish   _shasum: 'c64edf3777be177a3785128dfd5369034fddc320',
23 silly publish   _from: '.' }
24 info lifecycle generator-sldsbp_bjt@0.2.0~prepublishOnly: generator-sldsbp_bjt@0.2.0
25 silly lifecycle generator-sldsbp_bjt@0.2.0~prepublishOnly: no script for prepublishOnly, continuing
26 verbose getPublishConfig undefined
27 silly mapToRegistry name generator-sldsbp_bjt
28 silly mapToRegistry using default registry
29 silly mapToRegistry registry https://registry.npmjs.org/
30 silly mapToRegistry data Result {
30 silly mapToRegistry   raw: 'generator-sldsbp_bjt',
30 silly mapToRegistry   scope: null,
30 silly mapToRegistry   escapedName: 'generator-sldsbp_bjt',
30 silly mapToRegistry   name: 'generator-sldsbp_bjt',
30 silly mapToRegistry   rawSpec: '',
30 silly mapToRegistry   spec: 'latest',
30 silly mapToRegistry   type: 'tag' }
31 silly mapToRegistry uri https://registry.npmjs.org/generator-sldsbp_bjt
32 verbose publish registryBase https://registry.npmjs.org/
33 silly publish uploading C:\Users\bthomas044\AppData\Roaming\npm-cache\generator-sldsbp_bjt\0.2.0\package.tgz
34 verbose request uri https://registry.npmjs.org/generator-sldsbp_bjt
35 verbose request sending authorization for write operation
36 info attempt registry request try #1 at 6:27:01 PM
37 verbose request using bearer token for auth
38 verbose request id 95ead654d81e4b5c
39 http request PUT https://registry.npmjs.org/generator-sldsbp_bjt
40 http 403 https://registry.npmjs.org/generator-sldsbp_bjt
41 verbose headers { 'content-type': 'application/json',
41 verbose headers   'cache-control': 'max-age=300',
41 verbose headers   'content-length': '95',
41 verbose headers   'accept-ranges': 'bytes',
41 verbose headers   date: 'Sun, 25 Jun 2017 12:57:06 GMT',
41 verbose headers   via: '1.1 varnish',
41 verbose headers   connection: 'keep-alive',
41 verbose headers   'x-served-by': 'cache-sin18030-SIN',
41 verbose headers   'x-cache': 'MISS',
41 verbose headers   'x-cache-hits': '0',
41 verbose headers   'x-timer': 'S1498395426.854155,VS0,VE965',
41 verbose headers   vary: 'Accept-Encoding' }
42 verbose request invalidating C:\Users\bthomas044\AppData\Roaming\npm-cache\registry.npmjs.org\generator-sldsbp_bjt on PUT
43 error publish Failed PUT 403
44 verbose stack Error: "You cannot publish over the previously published version 0.2.0." : generator-sldsbp_bjt
44 verbose stack     at makeError (C:\Users\bthomas044\AppData\Roaming\npm\node_modules\npm\node_modules\npm-registry-client\lib\request.js:302:12)
44 verbose stack     at CachingRegistryClient.<anonymous> (C:\Users\bthomas044\AppData\Roaming\npm\node_modules\npm\node_modules\npm-registry-client\lib\request.js:290:14)
44 verbose stack     at Request._callback (C:\Users\bthomas044\AppData\Roaming\npm\node_modules\npm\node_modules\npm-registry-client\lib\request.js:210:14)
44 verbose stack     at Request.self.callback (C:\Users\bthomas044\AppData\Roaming\npm\node_modules\npm\node_modules\request\request.js:186:22)
44 verbose stack     at emitTwo (events.js:106:13)
44 verbose stack     at Request.emit (events.js:194:7)
44 verbose stack     at Request.<anonymous> (C:\Users\bthomas044\AppData\Roaming\npm\node_modules\npm\node_modules\request\request.js:1081:10)
44 verbose stack     at emitOne (events.js:96:13)
44 verbose stack     at Request.emit (events.js:191:7)
44 verbose stack     at IncomingMessage.<anonymous> (C:\Users\bthomas044\AppData\Roaming\npm\node_modules\npm\node_modules\request\request.js:1001:12)
45 verbose statusCode 403
46 verbose pkgid generator-sldsbp_bjt
47 verbose cwd C:\Users\bthomas044\workspace\r&d\yeoman_generators\generator-sldsbp_bjt
48 error Windows_NT 6.1.7601
49 error argv "C:\\Program Files\\nodejs\\node.exe" "C:\\Users\\bthomas044\\AppData\\Roaming\\npm\\node_modules\\npm\\bin\\npm-cli.js" "publish"
50 error node v7.7.4
51 error npm  v4.0.5
52 error code E403
53 error "You cannot publish over the previously published version 0.2.0." : generator-sldsbp_bjt
54 error If you need help, you may report this error at:
54 error     <https://github.com/npm/npm/issues>
55 verbose exit [ 1, true ]
